  [4;36;1mSQL (0.2ms)[0m   [0;1m SELECT name
 FROM sqlite_master
 WHERE type = 'table' AND NOT name = 'sqlite_sequence'
[0m
  [4;35;1mSQL (0.2ms)[0m   [0mselect sqlite_version(*)[0m
  [4;36;1mSQL (3.0ms)[0m   [0;1mCREATE TABLE "schema_migrations" ("version" varchar(255) NOT NULL) [0m
  [4;35;1mSQL (2.8ms)[0m   [0mCREATE UNIQUE INDEX "unique_schema_migrations" ON "schema_migrations" ("version")[0m
  [4;36;1mSQL (0.2ms)[0m   [0;1m SELECT name
 FROM sqlite_master
 WHERE type = 'table' AND NOT name = 'sqlite_sequence'
[0m
  [4;35;1mSQL (0.1ms)[0m   [0mSELECT version FROM schema_migrations[0m
Migrating to CreatePeople (20100205200209)
  [4;36;1mSQL (0.5ms)[0m   [0;1mCREATE TABLE "people" ("id" INTEGER PRIMARY KEY AUTOINCREMENT NOT NULL, "name" varchar(255), "created_at" datetime, "updated_at" datetime) [0m
  [4;35;1mSQL (0.1ms)[0m   [0mINSERT INTO schema_migrations (version) VALUES ('20100205200209')[0m
  [4;36;1mSQL (0.2ms)[0m   [0;1m SELECT name
 FROM sqlite_master
 WHERE type = 'table' AND NOT name = 'sqlite_sequence'
[0m
  [4;35;1mSQL (0.1ms)[0m   [0mSELECT version FROM schema_migrations[0m
  [4;36;1mSQL (0.1ms)[0m   [0;1m SELECT name
 FROM sqlite_master
 WHERE type = 'table' AND NOT name = 'sqlite_sequence'
[0m
  [4;35;1mSQL (0.0ms)[0m   [0mPRAGMA index_list("people")[0m


Processing PeopleController#index (for 127.0.0.1 at 2010-02-05 10:07:54) [GET]

NameError (uninitialized constant PeopleController::People):
  app/controllers/people_controller.rb:3:in `index'

Rendered rescues/_trace (37.3ms)
Rendered rescues/_request_and_response (1.1ms)
Rendering rescues/layout (internal_server_error)


Processing PeopleController#index (for 127.0.0.1 at 2010-02-05 10:08:01) [GET]
  [4;36;1mPerson Load (0.4ms)[0m   [0;1mSELECT * FROM "people" [0m
Rendering people/index
Completed in 9ms (View: 5, DB: 0) | 200 OK [http://localhost/]


Processing PeopleController#index (for 127.0.0.1 at 2010-02-05 10:10:03) [GET]
  [4;35;1mPerson Load (0.3ms)[0m   [0mSELECT * FROM "people" [0m
Rendering people/index
Completed in 20ms (View: 17, DB: 0) | 200 OK [http://localhost/]


Processing PeopleController#index (for 127.0.0.1 at 2010-02-05 10:12:50) [GET]
  [4;36;1mPerson Load (0.3ms)[0m   [0;1mSELECT * FROM "people" [0m
Rendering template within layouts/application
Rendering people/index
Completed in 11ms (View: 8, DB: 0) | 200 OK [http://localhost/]


Processing PeopleController#create (for 127.0.0.1 at 2010-02-05 10:12:54) [POST]
  Parameters: {"person"=>{"name"=>"bob"}, "commit"=>"Add Person", "authenticity_token"=>"XvxNVPIrYQSg7yOjczjTJmnzSe4sgUwGkej3vS2FJj8="}
  [4;35;1mPerson Create (0.4ms)[0m   [0mINSERT INTO "people" ("name", "created_at", "updated_at") VALUES('bob', '2010-02-05 20:12:54', '2010-02-05 20:12:54')[0m
Redirected to http://localhost:3000/people
Completed in 10ms (DB: 0) | 302 Found [http://localhost/people]


Processing PeopleController#index (for 127.0.0.1 at 2010-02-05 10:12:54) [GET]
  [4;36;1mPerson Load (0.4ms)[0m   [0;1mSELECT * FROM "people" [0m
Rendering template within layouts/application
Rendering people/index
Completed in 8ms (View: 4, DB: 0) | 200 OK [http://localhost/people]


Processing PeopleController#index (for 127.0.0.1 at 2010-02-05 10:13:10) [GET]
  [4;35;1mPerson Load (0.4ms)[0m   [0mSELECT * FROM "people" [0m
Rendering template within layouts/application
Rendering people/index
Completed in 11ms (View: 8, DB: 0) | 200 OK [http://localhost/people]


Processing PeopleController#delete (for 127.0.0.1 at 2010-02-05 10:13:12) [GET]
  Parameters: {"id"=>"1"}
  [4;36;1mPerson Load (0.2ms)[0m   [0;1mSELECT * FROM "people" WHERE ("people"."id" = 1) [0m
Rendering template within layouts/application
Rendering people/delete
ERROR: compiling _run_erb_app47views47people47delete46html46erb RAISED compile error
/Users/aeden/Development/open/jquery_unobtrusive/app/views/people/delete.html.erb:6: syntax error, unexpected tIDENTIFIER, expecting ')'
...(( link_to 'Cancel' people_url ).to_s); @output_buffer.conca...
                              ^
Function body:           def _run_erb_app47views47people47delete46html46erb(local_assigns)
            old_output_buffer = output_buffer;;@output_buffer = '';  __in_erb_template=true ; 	form_tag(person_url(@person)) do ; @output_buffer.concat "\n\t"
; @output_buffer.concat(( hidden_field_tag :_method, 'delete' ).to_s); @output_buffer.concat "\n\t<p>Are you sure you want to delete "
; @output_buffer.concat(( @person.name ).to_s); @output_buffer.concat "?</p>\n\n\t"

; @output_buffer.concat(( submit_tag 'Delete' ).to_s); @output_buffer.concat "\n\t"
; @output_buffer.concat(( link_to 'Cancel' people_url ).to_s); @output_buffer.concat "\n"
; 	end ; @output_buffer
          ensure
            self.output_buffer = old_output_buffer
          end
Backtrace: /Users/aeden/Development/open/jquery_unobtrusive/app/views/people/delete.html.erb:10:in `compile!'
/Users/aeden/.rvm/gems/ruby-1.8.7-p174/gems/actionpack-2.3.5/lib/action_view/renderable.rb:61:in `compile'
/Users/aeden/.rvm/gems/ruby-1.8.7-p174/gems/actionpack-2.3.5/lib/action_view/renderable.rb:28:in `render'
/Users/aeden/.rvm/gems/ruby-1.8.7-p174/gems/actionpack-2.3.5/lib/action_view/template.rb:205:in `render_template'
/Users/aeden/.rvm/gems/ruby-1.8.7-p174/gems/actionpack-2.3.5/lib/action_view/base.rb:265:in `render'
/Users/aeden/.rvm/gems/ruby-1.8.7-p174/gems/actionpack-2.3.5/lib/action_view/base.rb:348:in `_render_with_layout'
/Users/aeden/.rvm/gems/ruby-1.8.7-p174/gems/actionpack-2.3.5/lib/action_view/base.rb:262:in `render'
/Users/aeden/.rvm/gems/ruby-1.8.7-p174/gems/actionpack-2.3.5/lib/action_controller/base.rb:1250:in `render_for_file'
/Users/aeden/.rvm/gems/ruby-1.8.7-p174/gems/actionpack-2.3.5/lib/action_controller/base.rb:945:in `render_without_benchmark'
/Users/aeden/.rvm/gems/ruby-1.8.7-p174/gems/actionpack-2.3.5/lib/action_controller/benchmarking.rb:51:in `render'
/Users/aeden/.rvm/gems/ruby-1.8.7-p174/gems/activesupport-2.3.5/lib/active_support/core_ext/benchmark.rb:17:in `ms'
/Users/aeden/.rvm/ruby-1.8.7-p174/lib/ruby/1.8/benchmark.rb:308:in `realtime'
/Users/aeden/.rvm/gems/ruby-1.8.7-p174/gems/activesupport-2.3.5/lib/active_support/core_ext/benchmark.rb:17:in `ms'
/Users/aeden/.rvm/gems/ruby-1.8.7-p174/gems/actionpack-2.3.5/lib/action_controller/benchmarking.rb:51:in `render'
/Users/aeden/.rvm/gems/ruby-1.8.7-p174/gems/actionpack-2.3.5/lib/action_controller/base.rb:1326:in `default_render'
/Users/aeden/.rvm/gems/ruby-1.8.7-p174/gems/actionpack-2.3.5/lib/action_controller/base.rb:1332:in `perform_action_without_filters'
/Users/aeden/.rvm/gems/ruby-1.8.7-p174/gems/actionpack-2.3.5/lib/action_controller/filters.rb:617:in `call_filters'
/Users/aeden/.rvm/gems/ruby-1.8.7-p174/gems/actionpack-2.3.5/lib/action_controller/filters.rb:610:in `perform_action_without_benchmark'
/Users/aeden/.rvm/gems/ruby-1.8.7-p174/gems/actionpack-2.3.5/lib/action_controller/benchmarking.rb:68:in `perform_action_without_rescue'
/Users/aeden/.rvm/gems/ruby-1.8.7-p174/gems/activesupport-2.3.5/lib/active_support/core_ext/benchmark.rb:17:in `ms'
/Users/aeden/.rvm/ruby-1.8.7-p174/lib/ruby/1.8/benchmark.rb:308:in `realtime'
/Users/aeden/.rvm/gems/ruby-1.8.7-p174/gems/activesupport-2.3.5/lib/active_support/core_ext/benchmark.rb:17:in `ms'
/Users/aeden/.rvm/gems/ruby-1.8.7-p174/gems/actionpack-2.3.5/lib/action_controller/benchmarking.rb:68:in `perform_action_without_rescue'
/Users/aeden/.rvm/gems/ruby-1.8.7-p174/gems/actionpack-2.3.5/lib/action_controller/rescue.rb:160:in `perform_action_without_flash'
/Users/aeden/.rvm/gems/ruby-1.8.7-p174/gems/actionpack-2.3.5/lib/action_controller/flash.rb:146:in `perform_action'
/Users/aeden/.rvm/gems/ruby-1.8.7-p174/gems/actionpack-2.3.5/lib/action_controller/base.rb:532:in `send'
/Users/aeden/.rvm/gems/ruby-1.8.7-p174/gems/actionpack-2.3.5/lib/action_controller/base.rb:532:in `process_without_filters'
/Users/aeden/.rvm/gems/ruby-1.8.7-p174/gems/actionpack-2.3.5/lib/action_controller/filters.rb:606:in `process'
/Users/aeden/.rvm/gems/ruby-1.8.7-p174/gems/actionpack-2.3.5/lib/action_controller/base.rb:391:in `process'
/Users/aeden/.rvm/gems/ruby-1.8.7-p174/gems/actionpack-2.3.5/lib/action_controller/base.rb:386:in `call'
/Users/aeden/.rvm/gems/ruby-1.8.7-p174/gems/actionpack-2.3.5/lib/action_controller/routing/route_set.rb:437:in `call'
/Users/aeden/.rvm/gems/ruby-1.8.7-p174/gems/actionpack-2.3.5/lib/action_controller/dispatcher.rb:87:in `dispatch'
/Users/aeden/.rvm/gems/ruby-1.8.7-p174/gems/actionpack-2.3.5/lib/action_controller/dispatcher.rb:121:in `_call'
/Users/aeden/.rvm/gems/ruby-1.8.7-p174/gems/actionpack-2.3.5/lib/action_controller/dispatcher.rb:130:in `build_middleware_stack'
/Users/aeden/.rvm/gems/ruby-1.8.7-p174/gems/activerecord-2.3.5/lib/active_record/query_cache.rb:29:in `call'
/Users/aeden/.rvm/gems/ruby-1.8.7-p174/gems/activerecord-2.3.5/lib/active_record/query_cache.rb:29:in `call'
/Users/aeden/.rvm/gems/ruby-1.8.7-p174/gems/activerecord-2.3.5/lib/active_record/connection_adapters/abstract/query_cache.rb:34:in `cache'
/Users/aeden/.rvm/gems/ruby-1.8.7-p174/gems/activerecord-2.3.5/lib/active_record/query_cache.rb:9:in `cache'
/Users/aeden/.rvm/gems/ruby-1.8.7-p174/gems/activerecord-2.3.5/lib/active_record/query_cache.rb:28:in `call'
/Users/aeden/.rvm/gems/ruby-1.8.7-p174/gems/activerecord-2.3.5/lib/active_record/connection_adapters/abstract/connection_pool.rb:361:in `call'
/Users/aeden/.rvm/gems/ruby-1.8.7-p174/gems/actionpack-2.3.5/lib/action_controller/string_coercion.rb:25:in `call'
/Users/aeden/.rvm/gems/ruby-1.8.7-p174/gems/rack-1.0.1/lib/rack/head.rb:9:in `call'
/Users/aeden/.rvm/gems/ruby-1.8.7-p174/gems/rack-1.0.1/lib/rack/methodoverride.rb:24:in `call'
/Users/aeden/.rvm/gems/ruby-1.8.7-p174/gems/actionpack-2.3.5/lib/action_controller/params_parser.rb:15:in `call'
/Users/aeden/.rvm/gems/ruby-1.8.7-p174/gems/actionpack-2.3.5/lib/action_controller/session/cookie_store.rb:93:in `call'
/Users/aeden/.rvm/gems/ruby-1.8.7-p174/gems/actionpack-2.3.5/lib/action_controller/failsafe.rb:26:in `call'
/Users/aeden/.rvm/gems/ruby-1.8.7-p174/gems/rack-1.0.1/lib/rack/lock.rb:11:in `call'
/Users/aeden/.rvm/gems/ruby-1.8.7-p174/gems/rack-1.0.1/lib/rack/lock.rb:11:in `synchronize'
/Users/aeden/.rvm/gems/ruby-1.8.7-p174/gems/rack-1.0.1/lib/rack/lock.rb:11:in `call'
/Users/aeden/.rvm/gems/ruby-1.8.7-p174/gems/actionpack-2.3.5/lib/action_controller/dispatcher.rb:114:in `call'
/Users/aeden/.rvm/gems/ruby-1.8.7-p174/gems/actionpack-2.3.5/lib/action_controller/reloader.rb:34:in `run'
/Users/aeden/.rvm/gems/ruby-1.8.7-p174/gems/actionpack-2.3.5/lib/action_controller/dispatcher.rb:108:in `call'
/Users/aeden/.rvm/gems/ruby-1.8.7-p174/gems/rails-2.3.5/lib/rails/rack/static.rb:31:in `call'
/Users/aeden/.rvm/gems/ruby-1.8.7-p174/gems/rack-1.0.1/lib/rack/urlmap.rb:46:in `call'
/Users/aeden/.rvm/gems/ruby-1.8.7-p174/gems/rack-1.0.1/lib/rack/urlmap.rb:40:in `each'
/Users/aeden/.rvm/gems/ruby-1.8.7-p174/gems/rack-1.0.1/lib/rack/urlmap.rb:40:in `call'
/Users/aeden/.rvm/gems/ruby-1.8.7-p174/gems/rails-2.3.5/lib/rails/rack/log_tailer.rb:17:in `call'
/Users/aeden/.rvm/gems/ruby-1.8.7-p174/gems/rack-1.0.1/lib/rack/content_length.rb:13:in `call'
/Users/aeden/.rvm/gems/ruby-1.8.7-p174/gems/rack-1.0.1/lib/rack/chunked.rb:15:in `call'
/Users/aeden/.rvm/gems/ruby-1.8.7-p174/gems/rack-1.0.1/lib/rack/handler/mongrel.rb:64:in `process'
/Users/aeden/.rvm/gems/ruby-1.8.7-p174/gems/mongrel-1.1.5/lib/mongrel.rb:159:in `process_client'
/Users/aeden/.rvm/gems/ruby-1.8.7-p174/gems/mongrel-1.1.5/lib/mongrel.rb:158:in `each'
/Users/aeden/.rvm/gems/ruby-1.8.7-p174/gems/mongrel-1.1.5/lib/mongrel.rb:158:in `process_client'
/Users/aeden/.rvm/gems/ruby-1.8.7-p174/gems/mongrel-1.1.5/lib/mongrel.rb:285:in `run'
/Users/aeden/.rvm/gems/ruby-1.8.7-p174/gems/mongrel-1.1.5/lib/mongrel.rb:285:in `initialize'
/Users/aeden/.rvm/gems/ruby-1.8.7-p174/gems/mongrel-1.1.5/lib/mongrel.rb:285:in `new'
/Users/aeden/.rvm/gems/ruby-1.8.7-p174/gems/mongrel-1.1.5/lib/mongrel.rb:285:in `run'
/Users/aeden/.rvm/gems/ruby-1.8.7-p174/gems/mongrel-1.1.5/lib/mongrel.rb:268:in `initialize'
/Users/aeden/.rvm/gems/ruby-1.8.7-p174/gems/mongrel-1.1.5/lib/mongrel.rb:268:in `new'
/Users/aeden/.rvm/gems/ruby-1.8.7-p174/gems/mongrel-1.1.5/lib/mongrel.rb:268:in `run'
/Users/aeden/.rvm/gems/ruby-1.8.7-p174/gems/rack-1.0.1/lib/rack/handler/mongrel.rb:34:in `run'
/Users/aeden/.rvm/gems/ruby-1.8.7-p174/gems/rails-2.3.5/lib/commands/server.rb:111
/Users/aeden/.rvm/ruby-1.8.7-p174/lib/ruby/site_ruby/1.8/rubygems/custom_require.rb:31:in `gem_original_require'
/Users/aeden/.rvm/ruby-1.8.7-p174/lib/ruby/site_ruby/1.8/rubygems/custom_require.rb:31:in `require'
script/server:3

ActionView::TemplateError (compile error
/Users/aeden/Development/open/jquery_unobtrusive/app/views/people/delete.html.erb:6: syntax error, unexpected tIDENTIFIER, expecting ')'
...(( link_to 'Cancel' people_url ).to_s); @output_buffer.conca...
                              ^) on line #6 of app/views/people/delete.html.erb:
3: 	<p>Are you sure you want to delete <%= @person.name %>?</p>
4: 
5: 	<%= submit_tag 'Delete' %>
6: 	<%= link_to 'Cancel' people_url %>
7: <%	end %>

    app/views/people/delete.html.erb:10:in `compile!'

Rendered rescues/_trace (41.9ms)
Rendered rescues/_request_and_response (0.3ms)
Rendering rescues/layout (internal_server_error)


Processing PeopleController#delete (for 127.0.0.1 at 2010-02-05 10:13:23) [GET]
  Parameters: {"id"=>"1"}
  [4;35;1mPerson Load (0.6ms)[0m   [0mSELECT * FROM "people" WHERE ("people"."id" = 1) [0m
Rendering template within layouts/application
Rendering people/delete
Completed in 11ms (View: 6, DB: 1) | 200 OK [http://localhost/people/1/delete]


Processing PeopleController#destroy (for 127.0.0.1 at 2010-02-05 10:13:24) [DELETE]
  Parameters: {"commit"=>"Delete", "authenticity_token"=>"XvxNVPIrYQSg7yOjczjTJmnzSe4sgUwGkej3vS2FJj8=", "id"=>"1"}
  [4;36;1mPerson Load (0.2ms)[0m   [0;1mSELECT * FROM "people" WHERE ("people"."id" = 1) [0m
  [4;35;1mPerson Destroy (0.2ms)[0m   [0mDELETE FROM "people" WHERE "id" = 1[0m
Redirected to http://localhost:3000/people
Completed in 9ms (DB: 0) | 302 Found [http://localhost/people/1]


Processing PeopleController#index (for 127.0.0.1 at 2010-02-05 10:13:24) [GET]
  [4;36;1mPerson Load (0.3ms)[0m   [0;1mSELECT * FROM "people" [0m
Rendering template within layouts/application
Rendering people/index
Completed in 6ms (View: 3, DB: 0) | 200 OK [http://localhost/people]


Processing PeopleController#create (for 127.0.0.1 at 2010-02-05 10:13:27) [POST]
  Parameters: {"person"=>{"name"=>"jim"}, "commit"=>"Add Person", "authenticity_token"=>"XvxNVPIrYQSg7yOjczjTJmnzSe4sgUwGkej3vS2FJj8="}
  [4;35;1mPerson Create (0.3ms)[0m   [0mINSERT INTO "people" ("name", "created_at", "updated_at") VALUES('jim', '2010-02-05 20:13:27', '2010-02-05 20:13:27')[0m
Redirected to http://localhost:3000/people
Completed in 9ms (DB: 0) | 302 Found [http://localhost/people]


Processing PeopleController#index (for 127.0.0.1 at 2010-02-05 10:13:27) [GET]
  [4;36;1mPerson Load (0.4ms)[0m   [0;1mSELECT * FROM "people" [0m
Rendering template within layouts/application
Rendering people/index
Completed in 7ms (View: 4, DB: 0) | 200 OK [http://localhost/people]


Processing PeopleController#delete (for 127.0.0.1 at 2010-02-05 10:13:29) [GET]
  Parameters: {"id"=>"2"}
  [4;35;1mPerson Load (0.2ms)[0m   [0mSELECT * FROM "people" WHERE ("people"."id" = 2) [0m
Rendering template within layouts/application
Rendering people/delete
Completed in 7ms (View: 3, DB: 0) | 200 OK [http://localhost/people/2/delete]


Processing PeopleController#destroy (for 127.0.0.1 at 2010-02-05 10:13:30) [DELETE]
  Parameters: {"commit"=>"Delete", "authenticity_token"=>"XvxNVPIrYQSg7yOjczjTJmnzSe4sgUwGkej3vS2FJj8=", "id"=>"2"}
  [4;36;1mPerson Load (0.2ms)[0m   [0;1mSELECT * FROM "people" WHERE ("people"."id" = 2) [0m
  [4;35;1mPerson Destroy (0.2ms)[0m   [0mDELETE FROM "people" WHERE "id" = 2[0m
Redirected to http://localhost:3000/people
Completed in 9ms (DB: 0) | 302 Found [http://localhost/people/2]


Processing PeopleController#index (for 127.0.0.1 at 2010-02-05 10:13:30) [GET]
  [4;36;1mPerson Load (0.3ms)[0m   [0;1mSELECT * FROM "people" [0m
Rendering template within layouts/application
Rendering people/index
Completed in 6ms (View: 3, DB: 0) | 200 OK [http://localhost/people]


Processing PeopleController#index (for 127.0.0.1 at 2010-02-05 10:14:40) [GET]
  [4;35;1mPerson Load (0.3ms)[0m   [0mSELECT * FROM "people" [0m
Rendering template within layouts/application
Rendering people/index
Completed in 6ms (View: 3, DB: 0) | 200 OK [http://localhost/people]


Processing PeopleController#index (for 127.0.0.1 at 2010-02-05 10:14:56) [GET]
  [4;36;1mPerson Load (0.4ms)[0m   [0;1mSELECT * FROM "people" [0m
Rendering template within layouts/application
Rendering people/index
Completed in 6ms (View: 2, DB: 0) | 200 OK [http://localhost/people]


Processing PeopleController#create (for 127.0.0.1 at 2010-02-05 10:15:02) [POST]
  Parameters: {"person"=>{"name"=>"foo"}, "authenticity_token"=>"XvxNVPIrYQSg7yOjczjTJmnzSe4sgUwGkej3vS2FJj8="}
  [4;35;1mPerson Create (0.3ms)[0m   [0mINSERT INTO "people" ("name", "created_at", "updated_at") VALUES('foo', '2010-02-05 20:15:02', '2010-02-05 20:15:02')[0m
Completed in 44ms (View: 35, DB: 0) | 200 OK [http://localhost/people]


Processing PeopleController#create (for 127.0.0.1 at 2010-02-05 10:15:05) [POST]
  Parameters: {"person"=>{"name"=>"bar"}, "authenticity_token"=>"XvxNVPIrYQSg7yOjczjTJmnzSe4sgUwGkej3vS2FJj8="}
  [4;36;1mPerson Create (0.3ms)[0m   [0;1mINSERT INTO "people" ("name", "created_at", "updated_at") VALUES('bar', '2010-02-05 20:15:05', '2010-02-05 20:15:05')[0m
Completed in 64ms (View: 1, DB: 0) | 200 OK [http://localhost/people]


Processing PeopleController#destroy (for 127.0.0.1 at 2010-02-05 10:15:08) [DELETE]
  Parameters: {"id"=>"3"}
  [4;35;1mPerson Load (0.2ms)[0m   [0mSELECT * FROM "people" WHERE ("people"."id" = 3) [0m
  [4;36;1mPerson Destroy (0.2ms)[0m   [0;1mDELETE FROM "people" WHERE "id" = 3[0m
Completed in 8ms (View: 1, DB: 0) | 200 OK [http://localhost/people/3]


Processing PeopleController#destroy (for 127.0.0.1 at 2010-02-05 10:15:08) [DELETE]
  Parameters: {"id"=>"3"}
  [4;35;1mPerson Load (0.1ms)[0m   [0mSELECT * FROM "people" WHERE ("people"."id" = 3) [0m

ActiveRecord::RecordNotFound (Couldn't find Person with ID=3):
  app/controllers/people_controller.rb:26:in `destroy'

Rendered rescues/_trace (36.9ms)
Rendered rescues/_request_and_response (0.3ms)
Rendering rescues/layout (not_found)


Processing PeopleController#destroy (for 127.0.0.1 at 2010-02-05 10:15:11) [DELETE]
  Parameters: {"id"=>"4"}
  [4;36;1mPerson Load (0.2ms)[0m   [0;1mSELECT * FROM "people" WHERE ("people"."id" = 4) [0m
  [4;35;1mPerson Destroy (0.2ms)[0m   [0mDELETE FROM "people" WHERE "id" = 4[0m
Completed in 7ms (View: 1, DB: 0) | 200 OK [http://localhost/people/4]


Processing PeopleController#index (for 127.0.0.1 at 2010-02-05 10:15:13) [GET]
  [4;36;1mPerson Load (0.3ms)[0m   [0;1mSELECT * FROM "people" [0m
Rendering template within layouts/application
Rendering people/index
Completed in 6ms (View: 3, DB: 0) | 200 OK [http://localhost/people]


Processing PeopleController#index (for 127.0.0.1 at 2010-02-05 10:15:19) [GET]
  [4;35;1mPerson Load (0.3ms)[0m   [0mSELECT * FROM "people" [0m
Rendering template within layouts/application
Rendering people/index
Completed in 6ms (View: 3, DB: 0) | 200 OK [http://localhost/people]


Processing PeopleController#create (for 127.0.0.1 at 2010-02-05 10:15:22) [POST]
  Parameters: {"person"=>{"name"=>"test"}, "authenticity_token"=>"XvxNVPIrYQSg7yOjczjTJmnzSe4sgUwGkej3vS2FJj8="}
  [4;36;1mPerson Create (0.3ms)[0m   [0;1mINSERT INTO "people" ("name", "created_at", "updated_at") VALUES('test', '2010-02-05 20:15:22', '2010-02-05 20:15:22')[0m
Completed in 10ms (View: 1, DB: 0) | 200 OK [http://localhost/people]


Processing PeopleController#create (for 127.0.0.1 at 2010-02-05 10:17:27) [POST]
  Parameters: {"person"=>{"name"=>"foo"}, "authenticity_token"=>"XvxNVPIrYQSg7yOjczjTJmnzSe4sgUwGkej3vS2FJj8="}
  [4;35;1mPerson Create (0.3ms)[0m   [0mINSERT INTO "people" ("name", "created_at", "updated_at") VALUES('foo', '2010-02-05 20:17:27', '2010-02-05 20:17:27')[0m
Completed in 9ms (View: 1, DB: 0) | 200 OK [http://localhost/people]


Processing PeopleController#destroy (for 127.0.0.1 at 2010-02-05 10:17:28) [DELETE]
  Parameters: {"id"=>"6"}
  [4;36;1mPerson Load (0.2ms)[0m   [0;1mSELECT * FROM "people" WHERE ("people"."id" = 6) [0m
  [4;35;1mPerson Destroy (0.2ms)[0m   [0mDELETE FROM "people" WHERE "id" = 6[0m
Completed in 8ms (View: 1, DB: 0) | 200 OK [http://localhost/people/6]


Processing PeopleController#destroy (for 127.0.0.1 at 2010-02-05 10:17:29) [DELETE]
  Parameters: {"id"=>"5"}
  [4;36;1mPerson Load (0.2ms)[0m   [0;1mSELECT * FROM "people" WHERE ("people"."id" = 5) [0m
  [4;35;1mPerson Destroy (0.2ms)[0m   [0mDELETE FROM "people" WHERE "id" = 5[0m
Completed in 9ms (View: 1, DB: 0) | 200 OK [http://localhost/people/5]


Processing PeopleController#destroy (for 127.0.0.1 at 2010-02-05 10:17:29) [DELETE]
  Parameters: {"id"=>"5"}
  [4;36;1mPerson Load (0.1ms)[0m   [0;1mSELECT * FROM "people" WHERE ("people"."id" = 5) [0m

ActiveRecord::RecordNotFound (Couldn't find Person with ID=5):
  app/controllers/people_controller.rb:26:in `destroy'

Rendered rescues/_trace (35.1ms)
Rendered rescues/_request_and_response (0.3ms)
Rendering rescues/layout (not_found)


Processing PeopleController#create (for 127.0.0.1 at 2010-02-05 10:17:37) [POST]
  Parameters: {"person"=>{"name"=>"foo"}, "commit"=>"Add Person", "authenticity_token"=>"XvxNVPIrYQSg7yOjczjTJmnzSe4sgUwGkej3vS2FJj8="}
  [4;35;1mPerson Create (0.3ms)[0m   [0mINSERT INTO "people" ("name", "created_at", "updated_at") VALUES('foo', '2010-02-05 20:17:37', '2010-02-05 20:17:37')[0m
Redirected to http://localhost:3000/people
Completed in 9ms (DB: 0) | 302 Found [http://localhost/people]


Processing PeopleController#index (for 127.0.0.1 at 2010-02-05 10:17:37) [GET]
  [4;36;1mPerson Load (0.4ms)[0m   [0;1mSELECT * FROM "people" [0m
Rendering template within layouts/application
Rendering people/index
Completed in 7ms (View: 4, DB: 0) | 200 OK [http://localhost/people]


Processing PeopleController#create (for 127.0.0.1 at 2010-02-05 10:17:40) [POST]
  Parameters: {"person"=>{"name"=>"bar"}, "commit"=>"Add Person", "authenticity_token"=>"XvxNVPIrYQSg7yOjczjTJmnzSe4sgUwGkej3vS2FJj8="}
  [4;35;1mPerson Create (0.7ms)[0m   [0mINSERT INTO "people" ("name", "created_at", "updated_at") VALUES('bar', '2010-02-05 20:17:40', '2010-02-05 20:17:40')[0m
Redirected to http://localhost:3000/people
Completed in 68ms (DB: 1) | 302 Found [http://localhost/people]


Processing PeopleController#index (for 127.0.0.1 at 2010-02-05 10:17:40) [GET]
  [4;36;1mPerson Load (0.4ms)[0m   [0;1mSELECT * FROM "people" [0m
Rendering template within layouts/application
Rendering people/index
Completed in 8ms (View: 4, DB: 0) | 200 OK [http://localhost/people]


Processing PeopleController#delete (for 127.0.0.1 at 2010-02-05 10:17:41) [GET]
  Parameters: {"id"=>"8"}
  [4;35;1mPerson Load (0.2ms)[0m   [0mSELECT * FROM "people" WHERE ("people"."id" = 8) [0m
Rendering template within layouts/application
Rendering people/delete
Completed in 7ms (View: 3, DB: 0) | 200 OK [http://localhost/people/8/delete]


Processing PeopleController#destroy (for 127.0.0.1 at 2010-02-05 10:17:42) [DELETE]
  Parameters: {"commit"=>"Delete", "authenticity_token"=>"XvxNVPIrYQSg7yOjczjTJmnzSe4sgUwGkej3vS2FJj8=", "id"=>"8"}
  [4;36;1mPerson Load (0.2ms)[0m   [0;1mSELECT * FROM "people" WHERE ("people"."id" = 8) [0m
  [4;35;1mPerson Destroy (0.2ms)[0m   [0mDELETE FROM "people" WHERE "id" = 8[0m
Redirected to http://localhost:3000/people
Completed in 9ms (DB: 0) | 302 Found [http://localhost/people/8]


Processing PeopleController#index (for 127.0.0.1 at 2010-02-05 10:17:42) [GET]
  [4;36;1mPerson Load (0.4ms)[0m   [0;1mSELECT * FROM "people" [0m
Rendering template within layouts/application
Rendering people/index
Completed in 7ms (View: 4, DB: 0) | 200 OK [http://localhost/people]


Processing PeopleController#index (for 127.0.0.1 at 2010-02-05 10:19:11) [GET]
  [4;35;1mPerson Load (0.4ms)[0m   [0mSELECT * FROM "people" [0m
Rendering template within layouts/application
Rendering people/index
Completed in 8ms (View: 5, DB: 0) | 200 OK [http://localhost/people]


Processing PeopleController#destroy (for 127.0.0.1 at 2010-02-05 10:19:16) [DELETE]
  Parameters: {"id"=>"7"}
  [4;36;1mPerson Load (0.2ms)[0m   [0;1mSELECT * FROM "people" WHERE ("people"."id" = 7) [0m
  [4;35;1mPerson Destroy (0.2ms)[0m   [0mDELETE FROM "people" WHERE "id" = 7[0m
Completed in 9ms (View: 1, DB: 0) | 200 OK [http://localhost/people/7]


Processing PeopleController#create (for 127.0.0.1 at 2010-02-05 10:19:23) [POST]
  Parameters: {"person"=>{"name"=>"John Doe"}, "authenticity_token"=>"XvxNVPIrYQSg7yOjczjTJmnzSe4sgUwGkej3vS2FJj8="}
  [4;36;1mPerson Create (0.3ms)[0m   [0;1mINSERT INTO "people" ("name", "created_at", "updated_at") VALUES('John Doe', '2010-02-05 20:19:23', '2010-02-05 20:19:23')[0m
Completed in 11ms (View: 2, DB: 0) | 200 OK [http://localhost/people]


Processing PeopleController#destroy (for 127.0.0.1 at 2010-02-05 10:19:26) [DELETE]
  Parameters: {"id"=>"9"}
  [4;35;1mPerson Load (0.2ms)[0m   [0mSELECT * FROM "people" WHERE ("people"."id" = 9) [0m
  [4;36;1mPerson Destroy (0.2ms)[0m   [0;1mDELETE FROM "people" WHERE "id" = 9[0m
Completed in 9ms (View: 1, DB: 0) | 200 OK [http://localhost/people/9]


Processing PeopleController#index (for 127.0.0.1 at 2010-02-05 10:19:38) [GET]
  [4;35;1mPerson Load (0.3ms)[0m   [0mSELECT * FROM "people" [0m
Rendering template within layouts/application
Rendering people/index
Completed in 6ms (View: 3, DB: 0) | 200 OK [http://localhost/people]


Processing PeopleController#create (for 127.0.0.1 at 2010-02-05 10:19:40) [POST]
  Parameters: {"person"=>{"name"=>"test"}, "authenticity_token"=>"XvxNVPIrYQSg7yOjczjTJmnzSe4sgUwGkej3vS2FJj8="}
  [4;36;1mPerson Create (0.3ms)[0m   [0;1mINSERT INTO "people" ("name", "created_at", "updated_at") VALUES('test', '2010-02-05 20:19:40', '2010-02-05 20:19:40')[0m
Completed in 12ms (View: 2, DB: 0) | 200 OK [http://localhost/people]


Processing PeopleController#index (for 127.0.0.1 at 2010-02-05 10:21:15) [GET]
  [4;35;1mPerson Load (0.4ms)[0m   [0mSELECT * FROM "people" [0m
Rendering template within layouts/application
Rendering people/index
Completed in 11ms (View: 7, DB: 0) | 200 OK [http://localhost/people]


Processing PeopleController#index (for 127.0.0.1 at 2010-02-05 10:21:35) [GET]
  [4;36;1mPerson Load (0.4ms)[0m   [0;1mSELECT * FROM "people" [0m
Rendering template within layouts/application
Rendering people/index
Completed in 7ms (View: 4, DB: 0) | 200 OK [http://localhost/people]


Processing PeopleController#index (for 127.0.0.1 at 2010-02-05 10:21:49) [GET]
  [4;35;1mPerson Load (0.4ms)[0m   [0mSELECT * FROM "people" [0m
Rendering template within layouts/application
Rendering people/index
Completed in 7ms (View: 4, DB: 0) | 200 OK [http://localhost/people]


Processing PeopleController#destroy (for 127.0.0.1 at 2010-02-05 10:21:54) [DELETE]
  Parameters: {"id"=>"10"}
  [4;36;1mPerson Load (0.2ms)[0m   [0;1mSELECT * FROM "people" WHERE ("people"."id" = 10) [0m
  [4;35;1mPerson Destroy (0.3ms)[0m   [0mDELETE FROM "people" WHERE "id" = 10[0m
Completed in 9ms (View: 1, DB: 0) | 200 OK [http://localhost/people/10]


Processing PeopleController#create (for 127.0.0.1 at 2010-02-05 10:21:57) [POST]
  Parameters: {"person"=>{"name"=>"John Doe"}, "authenticity_token"=>"XvxNVPIrYQSg7yOjczjTJmnzSe4sgUwGkej3vS2FJj8="}
  [4;36;1mPerson Create (0.3ms)[0m   [0;1mINSERT INTO "people" ("name", "created_at", "updated_at") VALUES('John Doe', '2010-02-05 20:21:57', '2010-02-05 20:21:57')[0m
Completed in 10ms (View: 1, DB: 0) | 200 OK [http://localhost/people]


Processing PeopleController#destroy (for 127.0.0.1 at 2010-02-05 10:22:00) [DELETE]
  Parameters: {"id"=>"11"}
  [4;35;1mPerson Load (0.2ms)[0m   [0mSELECT * FROM "people" WHERE ("people"."id" = 11) [0m
  [4;36;1mPerson Destroy (0.2ms)[0m   [0;1mDELETE FROM "people" WHERE "id" = 11[0m
Completed in 9ms (View: 1, DB: 0) | 200 OK [http://localhost/people/11]


Processing PeopleController#create (for 127.0.0.1 at 2010-02-05 10:22:12) [POST]
  Parameters: {"person"=>{"name"=>"Jane Doe"}, "authenticity_token"=>"XvxNVPIrYQSg7yOjczjTJmnzSe4sgUwGkej3vS2FJj8="}
  [4;35;1mPerson Create (0.3ms)[0m   [0mINSERT INTO "people" ("name", "created_at", "updated_at") VALUES('Jane Doe', '2010-02-05 20:22:12', '2010-02-05 20:22:12')[0m
Completed in 11ms (View: 2, DB: 0) | 200 OK [http://localhost/people]


Processing PeopleController#index (for 127.0.0.1 at 2010-02-05 10:22:14) [GET]
  [4;36;1mPerson Load (0.4ms)[0m   [0;1mSELECT * FROM "people" [0m
Rendering template within layouts/application
Rendering people/index
Completed in 10ms (View: 7, DB: 0) | 200 OK [http://localhost/people]


Processing PeopleController#create (for 127.0.0.1 at 2010-02-05 10:22:17) [POST]
  Parameters: {"person"=>{"name"=>"John Smith"}, "authenticity_token"=>"XvxNVPIrYQSg7yOjczjTJmnzSe4sgUwGkej3vS2FJj8="}
  [4;35;1mPerson Create (0.3ms)[0m   [0mINSERT INTO "people" ("name", "created_at", "updated_at") VALUES('John Smith', '2010-02-05 20:22:17', '2010-02-05 20:22:17')[0m
Completed in 10ms (View: 1, DB: 0) | 200 OK [http://localhost/people]


Processing PeopleController#destroy (for 127.0.0.1 at 2010-02-05 10:22:20) [DELETE]
  Parameters: {"id"=>"12"}
  [4;36;1mPerson Load (0.2ms)[0m   [0;1mSELECT * FROM "people" WHERE ("people"."id" = 12) [0m
  [4;35;1mPerson Destroy (0.2ms)[0m   [0mDELETE FROM "people" WHERE "id" = 12[0m
Completed in 8ms (View: 1, DB: 0) | 200 OK [http://localhost/people/12]


Processing PeopleController#destroy (for 127.0.0.1 at 2010-02-05 10:22:23) [DELETE]
  Parameters: {"id"=>"12"}
  [4;36;1mPerson Load (0.1ms)[0m   [0;1mSELECT * FROM "people" WHERE ("people"."id" = 12) [0m

ActiveRecord::RecordNotFound (Couldn't find Person with ID=12):
  app/controllers/people_controller.rb:26:in `destroy'

Rendered rescues/_trace (35.5ms)
Rendered rescues/_request_and_response (0.3ms)
Rendering rescues/layout (not_found)


Processing PeopleController#destroy (for 127.0.0.1 at 2010-02-05 10:22:25) [DELETE]
  Parameters: {"id"=>"13"}
  [4;35;1mPerson Load (0.2ms)[0m   [0mSELECT * FROM "people" WHERE ("people"."id" = 13) [0m
  [4;36;1mPerson Destroy (0.2ms)[0m   [0;1mDELETE FROM "people" WHERE "id" = 13[0m
Completed in 9ms (View: 1, DB: 0) | 200 OK [http://localhost/people/13]


Processing PeopleController#create (for 127.0.0.1 at 2010-02-05 10:22:28) [POST]
  Parameters: {"person"=>{"name"=>"John Doe"}, "authenticity_token"=>"XvxNVPIrYQSg7yOjczjTJmnzSe4sgUwGkej3vS2FJj8="}
  [4;35;1mPerson Create (0.3ms)[0m   [0mINSERT INTO "people" ("name", "created_at", "updated_at") VALUES('John Doe', '2010-02-05 20:22:28', '2010-02-05 20:22:28')[0m
Completed in 10ms (View: 1, DB: 0) | 200 OK [http://localhost/people]


Processing PeopleController#destroy (for 127.0.0.1 at 2010-02-05 10:22:33) [DELETE]
  Parameters: {"id"=>"14"}
  [4;36;1mPerson Load (0.2ms)[0m   [0;1mSELECT * FROM "people" WHERE ("people"."id" = 14) [0m
  [4;35;1mPerson Destroy (0.2ms)[0m   [0mDELETE FROM "people" WHERE "id" = 14[0m
Completed in 8ms (View: 1, DB: 0) | 200 OK [http://localhost/people/14]


Processing PeopleController#index (for 127.0.0.1 at 2010-02-05 10:23:00) [GET]
  [4;36;1mPerson Load (0.3ms)[0m   [0;1mSELECT * FROM "people" [0m
Rendering template within layouts/application
Rendering people/index
Completed in 6ms (View: 3, DB: 0) | 200 OK [http://localhost/people]


Processing PeopleController#create (for 127.0.0.1 at 2010-02-05 10:23:03) [POST]
  Parameters: {"person"=>{"name"=>"bob smith"}, "authenticity_token"=>"XvxNVPIrYQSg7yOjczjTJmnzSe4sgUwGkej3vS2FJj8="}
  [4;35;1mPerson Create (0.3ms)[0m   [0mINSERT INTO "people" ("name", "created_at", "updated_at") VALUES('bob smith', '2010-02-05 20:23:03', '2010-02-05 20:23:03')[0m
Completed in 11ms (View: 2, DB: 0) | 200 OK [http://localhost/people]


Processing PeopleController#create (for 127.0.0.1 at 2010-02-05 10:23:05) [POST]
  Parameters: {"person"=>{"name"=>"jane doe"}, "authenticity_token"=>"XvxNVPIrYQSg7yOjczjTJmnzSe4sgUwGkej3vS2FJj8="}
  [4;36;1mPerson Create (0.3ms)[0m   [0;1mINSERT INTO "people" ("name", "created_at", "updated_at") VALUES('jane doe', '2010-02-05 20:23:05', '2010-02-05 20:23:05')[0m
Completed in 11ms (View: 2, DB: 0) | 200 OK [http://localhost/people]


Processing PeopleController#destroy (for 127.0.0.1 at 2010-02-05 10:23:08) [DELETE]
  Parameters: {"id"=>"16"}
  [4;35;1mPerson Load (0.2ms)[0m   [0mSELECT * FROM "people" WHERE ("people"."id" = 16) [0m
  [4;36;1mPerson Destroy (0.2ms)[0m   [0;1mDELETE FROM "people" WHERE "id" = 16[0m
Completed in 9ms (View: 1, DB: 0) | 200 OK [http://localhost/people/16]


Processing PeopleController#destroy (for 127.0.0.1 at 2010-02-05 10:23:10) [DELETE]
  Parameters: {"id"=>"15"}
  [4;35;1mPerson Load (0.2ms)[0m   [0mSELECT * FROM "people" WHERE ("people"."id" = 15) [0m
  [4;36;1mPerson Destroy (0.5ms)[0m   [0;1mDELETE FROM "people" WHERE "id" = 15[0m
Completed in 9ms (View: 1, DB: 1) | 200 OK [http://localhost/people/15]


Processing PeopleController#destroy (for 127.0.0.1 at 2010-02-05 10:23:12) [DELETE]
  Parameters: {"id"=>"15"}
  [4;35;1mPerson Load (0.1ms)[0m   [0mSELECT * FROM "people" WHERE ("people"."id" = 15) [0m

ActiveRecord::RecordNotFound (Couldn't find Person with ID=15):
  app/controllers/people_controller.rb:22:in `destroy'

Rendered rescues/_trace (34.3ms)
Rendered rescues/_request_and_response (0.3ms)
Rendering rescues/layout (not_found)


Processing PeopleController#create (for 127.0.0.1 at 2010-02-05 10:23:55) [POST]
  Parameters: {"person"=>{"name"=>"john doe"}, "authenticity_token"=>"XvxNVPIrYQSg7yOjczjTJmnzSe4sgUwGkej3vS2FJj8="}
  [4;36;1mPerson Create (0.4ms)[0m   [0;1mINSERT INTO "people" ("name", "created_at", "updated_at") VALUES('john doe', '2010-02-05 20:23:55', '2010-02-05 20:23:55')[0m
Completed in 54ms (View: 37, DB: 0) | 200 OK [http://localhost/people]


Processing PeopleController#destroy (for 127.0.0.1 at 2010-02-05 10:23:59) [DELETE]
  Parameters: {"id"=>"17"}
  [4;35;1mPerson Load (0.2ms)[0m   [0mSELECT * FROM "people" WHERE ("people"."id" = 17) [0m
  [4;36;1mPerson Destroy (0.2ms)[0m   [0;1mDELETE FROM "people" WHERE "id" = 17[0m
Completed in 10ms (View: 1, DB: 0) | 200 OK [http://localhost/people/17]


Processing PeopleController#create (for 127.0.0.1 at 2010-02-05 10:24:02) [POST]
  Parameters: {"person"=>{"name"=>"jane doe"}, "authenticity_token"=>"XvxNVPIrYQSg7yOjczjTJmnzSe4sgUwGkej3vS2FJj8="}
  [4;35;1mPerson Create (0.3ms)[0m   [0mINSERT INTO "people" ("name", "created_at", "updated_at") VALUES('jane doe', '2010-02-05 20:24:02', '2010-02-05 20:24:02')[0m
Completed in 11ms (View: 2, DB: 0) | 200 OK [http://localhost/people]


Processing PeopleController#destroy (for 127.0.0.1 at 2010-02-05 10:24:04) [DELETE]
  Parameters: {"id"=>"18"}
  [4;36;1mPerson Load (0.2ms)[0m   [0;1mSELECT * FROM "people" WHERE ("people"."id" = 18) [0m
  [4;35;1mPerson Destroy (0.2ms)[0m   [0mDELETE FROM "people" WHERE "id" = 18[0m
Completed in 10ms (View: 1, DB: 0) | 200 OK [http://localhost/people/18]


Processing PeopleController#create (for 127.0.0.1 at 2010-02-05 10:24:07) [POST]
  Parameters: {"person"=>{"name"=>"john smith"}, "authenticity_token"=>"XvxNVPIrYQSg7yOjczjTJmnzSe4sgUwGkej3vS2FJj8="}
  [4;36;1mPerson Create (0.3ms)[0m   [0;1mINSERT INTO "people" ("name", "created_at", "updated_at") VALUES('john smith', '2010-02-05 20:24:07', '2010-02-05 20:24:07')[0m
Completed in 10ms (View: 1, DB: 0) | 200 OK [http://localhost/people]


Processing PeopleController#destroy (for 127.0.0.1 at 2010-02-05 10:24:09) [DELETE]
  Parameters: {"id"=>"19"}
  [4;35;1mPerson Load (0.2ms)[0m   [0mSELECT * FROM "people" WHERE ("people"."id" = 19) [0m
  [4;36;1mPerson Destroy (0.5ms)[0m   [0;1mDELETE FROM "people" WHERE "id" = 19[0m
Completed in 9ms (View: 1, DB: 1) | 200 OK [http://localhost/people/19]


Processing PeopleController#create (for 127.0.0.1 at 2010-02-05 10:24:12) [POST]
  Parameters: {"person"=>{"name"=>"jane doe"}, "authenticity_token"=>"XvxNVPIrYQSg7yOjczjTJmnzSe4sgUwGkej3vS2FJj8="}
  [4;35;1mPerson Create (0.3ms)[0m   [0mINSERT INTO "people" ("name", "created_at", "updated_at") VALUES('jane doe', '2010-02-05 20:24:12', '2010-02-05 20:24:12')[0m
Completed in 11ms (View: 1, DB: 0) | 200 OK [http://localhost/people]


Processing PeopleController#create (for 127.0.0.1 at 2010-02-05 10:24:14) [POST]
  Parameters: {"person"=>{"name"=>"john doe"}, "authenticity_token"=>"XvxNVPIrYQSg7yOjczjTJmnzSe4sgUwGkej3vS2FJj8="}
  [4;36;1mPerson Create (0.3ms)[0m   [0;1mINSERT INTO "people" ("name", "created_at", "updated_at") VALUES('john doe', '2010-02-05 20:24:14', '2010-02-05 20:24:14')[0m
Completed in 11ms (View: 1, DB: 0) | 200 OK [http://localhost/people]


Processing PeopleController#create (for 127.0.0.1 at 2010-02-05 10:24:17) [POST]
  Parameters: {"person"=>{"name"=>"jim beam"}, "authenticity_token"=>"XvxNVPIrYQSg7yOjczjTJmnzSe4sgUwGkej3vS2FJj8="}
  [4;35;1mPerson Create (0.3ms)[0m   [0mINSERT INTO "people" ("name", "created_at", "updated_at") VALUES('jim beam', '2010-02-05 20:24:17', '2010-02-05 20:24:17')[0m
Completed in 10ms (View: 1, DB: 0) | 200 OK [http://localhost/people]


Processing PeopleController#destroy (for 127.0.0.1 at 2010-02-05 10:24:19) [DELETE]
  Parameters: {"id"=>"22"}
  [4;36;1mPerson Load (0.2ms)[0m   [0;1mSELECT * FROM "people" WHERE ("people"."id" = 22) [0m
  [4;35;1mPerson Destroy (0.2ms)[0m   [0mDELETE FROM "people" WHERE "id" = 22[0m
Completed in 9ms (View: 1, DB: 0) | 200 OK [http://localhost/people/22]


Processing PeopleController#destroy (for 127.0.0.1 at 2010-02-05 10:24:21) [DELETE]
  Parameters: {"id"=>"21"}
  [4;36;1mPerson Load (0.2ms)[0m   [0;1mSELECT * FROM "people" WHERE ("people"."id" = 21) [0m
  [4;35;1mPerson Destroy (0.2ms)[0m   [0mDELETE FROM "people" WHERE "id" = 21[0m
Completed in 9ms (View: 1, DB: 0) | 200 OK [http://localhost/people/21]


Processing PeopleController#destroy (for 127.0.0.1 at 2010-02-05 10:24:25) [DELETE]
  Parameters: {"id"=>"21"}
  [4;36;1mPerson Load (0.1ms)[0m   [0;1mSELECT * FROM "people" WHERE ("people"."id" = 21) [0m

ActiveRecord::RecordNotFound (Couldn't find Person with ID=21):
  app/controllers/people_controller.rb:22:in `destroy'

Rendered rescues/_trace (37.4ms)
Rendered rescues/_request_and_response (1.2ms)
Rendering rescues/layout (not_found)


Processing PeopleController#index (for 127.0.0.1 at 2010-02-05 10:25:17) [GET]
  [4;35;1mPerson Load (0.4ms)[0m   [0mSELECT * FROM "people" [0m
Rendering template within layouts/application
Rendering people/index
Completed in 20ms (View: 17, DB: 0) | 200 OK [http://local.quentin.mp/]


Processing ApplicationController#index (for 127.0.0.1 at 2010-02-05 10:25:25) [GET]

ActionController::RoutingError (No route matches "/profiles/1.atom" with {:method=>:get}):
  

Rendering rescues/layout (not_found)


Processing ApplicationController#index (for 127.0.0.1 at 2010-02-05 10:25:25) [GET]

ActionController::RoutingError (No route matches "/bookmarks.rss" with {:method=>:get}):
  

Rendering rescues/layout (not_found)


Processing PeopleController#index (for 127.0.0.1 at 2010-02-05 10:28:27) [GET]
  [4;36;1mPerson Load (0.6ms)[0m   [0;1mSELECT * FROM "people" [0m
Rendering template within layouts/application
Rendering people/index
Completed in 23ms (View: 19, DB: 1) | 200 OK [http://localhost/people]


Processing PeopleController#destroy (for 127.0.0.1 at 2010-02-05 10:28:30) [DELETE]
  Parameters: {"id"=>"20"}
  [4;35;1mPerson Load (0.2ms)[0m   [0mSELECT * FROM "people" WHERE ("people"."id" = 20) [0m
  [4;36;1mPerson Destroy (0.3ms)[0m   [0;1mDELETE FROM "people" WHERE "id" = 20[0m
Completed in 10ms (View: 1, DB: 0) | 200 OK [http://localhost/people/20]
